2016-01-06 10:43:19,476 [http-bio-8080-exec-10] ERROR StackTrace  - Full Stack Trace:
java.lang.NullPointerException
	at java.util.ComparableTimSort.countRunAndMakeAscending(ComparableTimSort.java:290)
	at java.util.ComparableTimSort.sort(ComparableTimSort.java:157)
	at java.util.ComparableTimSort.sort(ComparableTimSort.java:146)
	at java.util.Arrays.sort(Arrays.java:472)
	at com.surelution.whistle.core.WxmpHelper.checkSignature(WxmpHelper.java:11)
	at com.surelution.whistle.core.WxmpHelper$checkSignature.call(Unknown Source)
	at org.codehaus.groovy.runtime.callsite.CallSiteArray.defaultCall(CallSiteArray.java:45)
	at com.surelution.whistle.core.WxmpHelper$checkSignature.call(Unknown Source)
	at com.surelution.hansi.WxmpGateController$_closure1.doCall(WxmpGateController.groovy:24)
	at com.surelution.hansi.WxmpGateController$_closure1.doCall(WxmpGateController.groovy)
	at sun.reflect.GeneratedMethodAccessor256.invoke(Unknown Source)
	at sun.reflect.DelegatingMethodAccessorImpl.invoke(DelegatingMethodAccessorImpl.java:43)
	at java.lang.reflect.Method.invoke(Method.java:606)
	at org.springsource.loaded.ri.OriginalClassInvoker.invoke(OriginalClassInvoker.java:47)
	at org.springsource.loaded.ri.ReflectiveInterceptor.jlrMethodInvoke(ReflectiveInterceptor.java:1288)
	at org.codehaus.groovy.runtime.callsite.PogoMetaMethodSite$PogoCachedMethodSiteNoUnwrapNoCoerce.invoke(PogoMetaMethodSite.java:272)
	at org.codehaus.groovy.runtime.callsite.PogoMetaMethodSite.call(PogoMetaMethodSite.java:64)
	at org.codehaus.groovy.runtime.callsite.AbstractCallSite.call(AbstractCallSite.java:112)
	at com.surelution.hansi.WxmpGateController.index(WxmpGateController.groovy)
	at sun.reflect.GeneratedMethodAccessor254.invoke(Unknown Source)
	at sun.reflect.DelegatingMethodAccessorImpl.invoke(DelegatingMethodAccessorImpl.java:43)
	at java.lang.reflect.Method.invoke(Method.java:606)
	at org.springsource.loaded.ri.OriginalClassInvoker.invoke(OriginalClassInvoker.java:47)
	at org.springsource.loaded.ri.ReflectiveInterceptor.jlrMethodInvoke(ReflectiveInterceptor.java:1288)
	at org.codehaus.groovy.grails.web.servlet.mvc.MixedGrailsControllerHelper.invoke(MixedGrailsControllerHelper.java:69)
	at grails.plugin.cache.web.ProxyAwareMixedGrailsControllerHelper.invoke(ProxyAwareMixedGrailsControllerHelper.java)
	at org.codehaus.groovy.grails.web.servlet.mvc.AbstractGrailsControllerHelper.handleAction(AbstractGrailsControllerHelper.java:343)
	at grails.plugin.cache.web.ProxyAwareMixedGrailsControllerHelper.handleAction(ProxyAwareMixedGrailsControllerHelper.java)
	at org.codehaus.groovy.grails.web.servlet.mvc.AbstractGrailsControllerHelper.executeAction(AbstractGrailsControllerHelper.java:226)
	at grails.plugin.cache.web.ProxyAwareMixedGrailsControllerHelper.executeAction(ProxyAwareMixedGrailsControllerHelper.java)
	at org.codehaus.groovy.grails.web.servlet.mvc.AbstractGrailsControllerHelper.handleURI(AbstractGrailsControllerHelper.java:192)
	at grails.plugin.cache.web.ProxyAwareMixedGrailsControllerHelper.handleURI(ProxyAwareMixedGrailsControllerHelper.java)
	at org.codehaus.groovy.grails.web.servlet.mvc.AbstractGrailsControllerHelper.handleURI(AbstractGrailsControllerHelper.java:116)
	at grails.plugin.cache.web.ProxyAwareMixedGrailsControllerHelper.handleURI(ProxyAwareMixedGrailsControllerHelper.java)
	at org.codehaus.groovy.grails.web.servlet.mvc.SimpleGrailsController.handleRequest(SimpleGrailsController.java:72)
	at org.springframework.web.servlet.mvc.SimpleControllerHandlerAdapter.handle(SimpleControllerHandlerAdapter.java:48)
	at org.codehaus.groovy.grails.web.servlet.GrailsDispatcherServlet.doDispatch(GrailsDispatcherServlet.java:328)
	at org.springframework.web.servlet.DispatcherServlet.doService(DispatcherServlet.java:852)
	at org.springframework.web.servlet.FrameworkServlet.processRequest(FrameworkServlet.java:882)
	at org.springframework.web.servlet.FrameworkServlet.doGet(FrameworkServlet.java:778)
	at javax.servlet.http.HttpServlet.service(HttpServlet.java:621)
	at javax.servlet.http.HttpServlet.service(HttpServlet.java:728)
	at org.apache.catalina.core.ApplicationFilterChain.internalDoFilter(ApplicationFilterChain.java:305)
	at org.apache.catalina.core.ApplicationFilterChain.doFilter(ApplicationFilterChain.java:210)
	at grails.plugin.cache.web.filter.PageFragmentCachingFilter.doFilter(PageFragmentCachingFilter.java:195)
	at grails.plugin.cache.web.filter.simple.MemoryPageFragmentCachingFilter.doFilter(MemoryPageFragmentCachingFilter.java)
	at grails.plugin.cache.web.filter.AbstractFilter.doFilter(AbstractFilter.java:63)
	at org.springframework.web.filter.DelegatingFilterProxy.invokeDelegate(DelegatingFilterProxy.java:346)
	at org.springframework.web.filter.DelegatingFilterProxy.doFilter(DelegatingFilterProxy.java:259)
	at org.apache.catalina.core.ApplicationFilterChain.internalDoFilter(ApplicationFilterChain.java:243)
	at org.apache.catalina.core.ApplicationFilterChain.doFilter(ApplicationFilterChain.java:210)
	at org.springframework.web.filter.OncePerRequestFilter.doFilter(OncePerRequestFilter.java:70)
	at org.apache.catalina.core.ApplicationFilterChain.internalDoFilter(ApplicationFilterChain.java:243)
	at org.apache.catalina.core.ApplicationFilterChain.doFilter(ApplicationFilterChain.java:210)
	at org.springframework.web.filter.OncePerRequestFilter.doFilter(OncePerRequestFilter.java:70)
	at org.apache.catalina.core.ApplicationFilterChain.internalDoFilter(ApplicationFilterChain.java:243)
	at org.apache.catalina.core.ApplicationFilterChain.doFilter(ApplicationFilterChain.java:210)
	at org.springframework.web.filter.OncePerRequestFilter.doFilter(OncePerRequestFilter.java:70)
	at org.apache.catalina.core.ApplicationFilterChain.internalDoFilter(ApplicationFilterChain.java:243)
	at org.apache.catalina.core.ApplicationFilterChain.doFilter(ApplicationFilterChain.java:210)
	at org.apache.catalina.core.ApplicationDispatcher.invoke(ApplicationDispatcher.java:749)
	at org.apache.catalina.core.ApplicationDispatcher.processRequest(ApplicationDispatcher.java:487)
	at org.apache.catalina.core.ApplicationDispatcher.doForward(ApplicationDispatcher.java:412)
	at org.apache.catalina.core.ApplicationDispatcher.forward(ApplicationDispatcher.java:339)
	at org.codehaus.groovy.grails.web.util.WebUtils.forwardRequestForUrlMappingInfo(WebUtils.java:314)
	at org.codehaus.groovy.grails.web.util.WebUtils.forwardRequestForUrlMappingInfo(WebUtils.java:279)
	at org.codehaus.groovy.grails.web.util.WebUtils.forwardRequestForUrlMappingInfo(WebUtils.java:270)
	at org.codehaus.groovy.grails.web.mapping.filter.UrlMappingsFilter.doFilterInternal(UrlMappingsFilter.java:222)
	at org.springframework.web.filter.OncePerRequestFilter.doFilter(OncePerRequestFilter.java:76)
	at org.apache.catalina.core.ApplicationFilterChain.internalDoFilter(ApplicationFilterChain.java:243)
	at org.apache.catalina.core.ApplicationFilterChain.doFilter(ApplicationFilterChain.java:210)
	at org.codehaus.groovy.grails.web.sitemesh.GrailsPageFilter.obtainContent(GrailsPageFilter.java:206)
	at org.codehaus.groovy.grails.web.sitemesh.GrailsPageFilter.doFilter(GrailsPageFilter.java:152)
	at org.apache.catalina.core.ApplicationFilterChain.internalDoFilter(ApplicationFilterChain.java:243)
	at org.apache.catalina.core.ApplicationFilterChain.doFilter(ApplicationFilterChain.java:210)
	at javax.servlet.FilterChain$doFilter.call(Unknown Source)
	at org.grails.plugin.resource.DevModeSanityFilter.doFilter(DevModeSanityFilter.groovy:44)
	at org.apache.catalina.core.ApplicationFilterChain.internalDoFilter(ApplicationFilterChain.java:243)
	at org.apache.catalina.core.ApplicationFilterChain.doFilter(ApplicationFilterChain.java:210)
	at org.codehaus.groovy.grails.web.servlet.mvc.GrailsWebRequestFilter.doFilterInternal(GrailsWebRequestFilter.java:69)
	at org.springframework.web.filter.OncePerRequestFilter.doFilter(OncePerRequestFilter.java:76)
	at org.apache.catalina.core.ApplicationFilterChain.internalDoFilter(ApplicationFilterChain.java:243)
	at org.apache.catalina.core.ApplicationFilterChain.doFilter(ApplicationFilterChain.java:210)
	at org.codehaus.groovy.grails.web.filters.HiddenHttpMethodFilter.doFilterInternal(HiddenHttpMethodFilter.java:66)
	at org.springframework.web.filter.OncePerRequestFilter.doFilter(OncePerRequestFilter.java:76)
	at org.apache.catalina.core.ApplicationFilterChain.internalDoFilter(ApplicationFilterChain.java:243)
	at org.apache.catalina.core.ApplicationFilterChain.doFilter(ApplicationFilterChain.java:210)
	at org.springframework.web.filter.CharacterEncodingFilter.doFilterInternal(CharacterEncodingFilter.java:88)
	at org.springframework.web.filter.OncePerRequestFilter.doFilter(OncePerRequestFilter.java:76)
	at org.springframework.web.filter.DelegatingFilterProxy.invokeDelegate(DelegatingFilterProxy.java:346)
	at org.springframework.web.filter.DelegatingFilterProxy.doFilter(DelegatingFilterProxy.java:259)
	at org.apache.catalina.core.ApplicationFilterChain.internalDoFilter(ApplicationFilterChain.java:243)
	at org.apache.catalina.core.ApplicationFilterChain.doFilter(ApplicationFilterChain.java:210)
	at org.apache.catalina.core.StandardWrapperValve.invoke(StandardWrapperValve.java:222)
	at org.apache.catalina.core.StandardContextValve.invoke(StandardContextValve.java:123)
	at org.apache.catalina.core.StandardHostValve.invoke(StandardHostValve.java:171)
	at org.apache.catalina.valves.ErrorReportValve.invoke(ErrorReportValve.java:99)
	at org.apache.catalina.core.StandardEngineValve.invoke(StandardEngineValve.java:118)
	at org.apache.catalina.connector.CoyoteAdapter.service(CoyoteAdapter.java:408)
	at org.apache.coyote.http11.AbstractHttp11Processor.process(AbstractHttp11Processor.java:1009)
	at org.apache.coyote.AbstractProtocol$AbstractConnectionHandler.process(AbstractProtocol.java:589)
	at org.apache.tomcat.util.net.JIoEndpoint$SocketProcessor.run(JIoEndpoint.java:310)
	at java.util.concurrent.ThreadPoolExecutor.runWorker(ThreadPoolExecutor.java:1145)
	at java.util.concurrent.ThreadPoolExecutor$Worker.run(ThreadPoolExecutor.java:615)
	at java.lang.Thread.run(Thread.java:745)
2016-01-06 10:43:19,483 [http-bio-8080-exec-10] ERROR StackTrace  - Full Stack Trace:
java.lang.NullPointerException
	at java.util.ComparableTimSort.countRunAndMakeAscending(ComparableTimSort.java:290)
	at java.util.ComparableTimSort.sort(ComparableTimSort.java:157)
	at java.util.ComparableTimSort.sort(ComparableTimSort.java:146)
	at java.util.Arrays.sort(Arrays.java:472)
	at com.surelution.whistle.core.WxmpHelper.checkSignature(WxmpHelper.java:11)
	at com.surelution.hansi.WxmpGateController$_closure1.doCall(WxmpGateController.groovy:24)
	at grails.plugin.cache.web.filter.PageFragmentCachingFilter.doFilter(PageFragmentCachingFilter.java:195)
	at grails.plugin.cache.web.filter.AbstractFilter.doFilter(AbstractFilter.java:63)
	at java.util.concurrent.ThreadPoolExecutor.runWorker(ThreadPoolExecutor.java:1145)
	at java.util.concurrent.ThreadPoolExecutor$Worker.run(ThreadPoolExecutor.java:615)
	at java.lang.Thread.run(Thread.java:745)
2016-01-06 10:43:19,492 [http-bio-8080-exec-10] ERROR StackTrace  - Full Stack Trace:
java.lang.NullPointerException
	at java.util.ComparableTimSort.countRunAndMakeAscending(ComparableTimSort.java:290)
	at java.util.ComparableTimSort.sort(ComparableTimSort.java:157)
	at java.util.ComparableTimSort.sort(ComparableTimSort.java:146)
	at java.util.Arrays.sort(Arrays.java:472)
	at com.surelution.whistle.core.WxmpHelper.checkSignature(WxmpHelper.java:11)
	at com.surelution.hansi.WxmpGateController$_closure1.doCall(WxmpGateController.groovy:24)
	at grails.plugin.cache.web.filter.PageFragmentCachingFilter.doFilter(PageFragmentCachingFilter.java:195)
	at grails.plugin.cache.web.filter.AbstractFilter.doFilter(AbstractFilter.java:63)
	at java.util.concurrent.ThreadPoolExecutor.runWorker(ThreadPoolExecutor.java:1145)
	at java.util.concurrent.ThreadPoolExecutor$Worker.run(ThreadPoolExecutor.java:615)
	at java.lang.Thread.run(Thread.java:745)
2016-01-06 10:43:19,492 [http-bio-8080-exec-10] ERROR StackTrace  - Full Stack Trace:
java.lang.NullPointerException
	at java.util.ComparableTimSort.countRunAndMakeAscending(ComparableTimSort.java:290)
	at java.util.ComparableTimSort.sort(ComparableTimSort.java:157)
	at java.util.ComparableTimSort.sort(ComparableTimSort.java:146)
	at java.util.Arrays.sort(Arrays.java:472)
	at com.surelution.whistle.core.WxmpHelper.checkSignature(WxmpHelper.java:11)
	at com.surelution.hansi.WxmpGateController$_closure1.doCall(WxmpGateController.groovy:24)
	at grails.plugin.cache.web.filter.PageFragmentCachingFilter.doFilter(PageFragmentCachingFilter.java:195)
	at grails.plugin.cache.web.filter.AbstractFilter.doFilter(AbstractFilter.java:63)
	at java.util.concurrent.ThreadPoolExecutor.runWorker(ThreadPoolExecutor.java:1145)
	at java.util.concurrent.ThreadPoolExecutor$Worker.run(ThreadPoolExecutor.java:615)
	at java.lang.Thread.run(Thread.java:745)
2016-01-06 10:43:19,493 [http-bio-8080-exec-10] ERROR StackTrace  - Full Stack Trace:
java.lang.NullPointerException
	at java.util.ComparableTimSort.countRunAndMakeAscending(ComparableTimSort.java:290)
	at java.util.ComparableTimSort.sort(ComparableTimSort.java:157)
	at java.util.ComparableTimSort.sort(ComparableTimSort.java:146)
	at java.util.Arrays.sort(Arrays.java:472)
	at com.surelution.whistle.core.WxmpHelper.checkSignature(WxmpHelper.java:11)
	at com.surelution.hansi.WxmpGateController$_closure1.doCall(WxmpGateController.groovy:24)
	at grails.plugin.cache.web.filter.PageFragmentCachingFilter.doFilter(PageFragmentCachingFilter.java:195)
	at grails.plugin.cache.web.filter.AbstractFilter.doFilter(AbstractFilter.java:63)
	at java.util.concurrent.ThreadPoolExecutor.runWorker(ThreadPoolExecutor.java:1145)
	at java.util.concurrent.ThreadPoolExecutor$Worker.run(ThreadPoolExecutor.java:615)
	at java.lang.Thread.run(Thread.java:745)
2016-01-06 10:43:19,493 [http-bio-8080-exec-10] ERROR StackTrace  - Full Stack Trace:
java.lang.NullPointerException
	at java.util.ComparableTimSort.countRunAndMakeAscending(ComparableTimSort.java:290)
	at java.util.ComparableTimSort.sort(ComparableTimSort.java:157)
	at java.util.ComparableTimSort.sort(ComparableTimSort.java:146)
	at java.util.Arrays.sort(Arrays.java:472)
	at com.surelution.whistle.core.WxmpHelper.checkSignature(WxmpHelper.java:11)
	at com.surelution.hansi.WxmpGateController$_closure1.doCall(WxmpGateController.groovy:24)
	at grails.plugin.cache.web.filter.PageFragmentCachingFilter.doFilter(PageFragmentCachingFilter.java:195)
	at grails.plugin.cache.web.filter.AbstractFilter.doFilter(AbstractFilter.java:63)
	at java.util.concurrent.ThreadPoolExecutor.runWorker(ThreadPoolExecutor.java:1145)
	at java.util.concurrent.ThreadPoolExecutor$Worker.run(ThreadPoolExecutor.java:615)
	at java.lang.Thread.run(Thread.java:745)
2016-01-06 13:45:51,030 [http-bio-8080-exec-11] ERROR StackTrace  - Full Stack Trace:
java.lang.IllegalAccessError: tried to access method org.springframework.web.filter.GenericFilterBean.getServletContext()Ljavax/servlet/ServletContext; from class grails.plugin.cache.web.filter.AbstractFilter$$EPYzEC5b
	at grails.plugin.cache.web.filter.AbstractFilter$$EPYzEC5b.getBean(AbstractFilter.java:194)
	at grails.plugin.cache.web.filter.AbstractFilter$$DPYzEC5b.getBean(Unknown Source)
	at grails.plugin.cache.web.filter.AbstractFilter.getBean(AbstractFilter.java)
	at grails.plugin.cache.web.filter.PageFragmentCachingFilter.getBean(PageFragmentCachingFilter.java)
	at grails.plugin.cache.web.filter.simple.MemoryPageFragmentCachingFilter.getBean(MemoryPageFragmentCachingFilter.java)
	at grails.plugin.cache.web.filter.PageFragmentCachingFilter$$EPYzEC9D.lookupController(PageFragmentCachingFilter.java:842)
	at grails.plugin.cache.web.filter.PageFragmentCachingFilter$$DPYzEC9D.lookupController(Unknown Source)
	at grails.plugin.cache.web.filter.PageFragmentCachingFilter.lookupController(PageFragmentCachingFilter.java)
	at grails.plugin.cache.web.filter.simple.MemoryPageFragmentCachingFilter.lookupController(MemoryPageFragmentCachingFilter.java)
	at grails.plugin.cache.web.filter.PageFragmentCachingFilter$$EPYzEC9D.doFilter(PageFragmentCachingFilter.java:176)
	at grails.plugin.cache.web.filter.PageFragmentCachingFilter$$DPYzEC9D.doFilter(Unknown Source)
	at grails.plugin.cache.web.filter.PageFragmentCachingFilter.doFilter(PageFragmentCachingFilter.java)
	at grails.plugin.cache.web.filter.simple.MemoryPageFragmentCachingFilter.doFilter(MemoryPageFragmentCachingFilter.java)
	at grails.plugin.cache.web.filter.AbstractFilter$$EPYzEC5b.doFilter(AbstractFilter.java:63)
	at grails.plugin.cache.web.filter.AbstractFilter$$DPYzEC5b.doFilter(Unknown Source)
	at grails.plugin.cache.web.filter.AbstractFilter.doFilter(AbstractFilter.java)
	at org.springframework.web.filter.DelegatingFilterProxy.invokeDelegate(DelegatingFilterProxy.java:346)
	at org.springframework.web.filter.DelegatingFilterProxy.doFilter(DelegatingFilterProxy.java:259)
	at org.apache.catalina.core.ApplicationFilterChain.internalDoFilter(ApplicationFilterChain.java:243)
	at org.apache.catalina.core.ApplicationFilterChain.doFilter(ApplicationFilterChain.java:210)
	at org.springframework.web.filter.OncePerRequestFilter.doFilter(OncePerRequestFilter.java:70)
	at org.apache.catalina.core.ApplicationFilterChain.internalDoFilter(ApplicationFilterChain.java:243)
	at org.apache.catalina.core.ApplicationFilterChain.doFilter(ApplicationFilterChain.java:210)
	at org.springframework.web.filter.OncePerRequestFilter.doFilter(OncePerRequestFilter.java:70)
	at org.apache.catalina.core.ApplicationFilterChain.internalDoFilter(ApplicationFilterChain.java:243)
	at org.apache.catalina.core.ApplicationFilterChain.doFilter(ApplicationFilterChain.java:210)
	at org.springframework.web.filter.OncePerRequestFilter.doFilter(OncePerRequestFilter.java:70)
	at org.apache.catalina.core.ApplicationFilterChain.internalDoFilter(ApplicationFilterChain.java:243)
	at org.apache.catalina.core.ApplicationFilterChain.doFilter(ApplicationFilterChain.java:210)
	at org.apache.catalina.core.ApplicationDispatcher.invoke(ApplicationDispatcher.java:749)
	at org.apache.catalina.core.ApplicationDispatcher.processRequest(ApplicationDispatcher.java:487)
	at org.apache.catalina.core.ApplicationDispatcher.doForward(ApplicationDispatcher.java:412)
	at org.apache.catalina.core.ApplicationDispatcher.forward(ApplicationDispatcher.java:339)
	at org.codehaus.groovy.grails.web.util.WebUtils.forwardRequestForUrlMappingInfo(WebUtils.java:314)
	at org.codehaus.groovy.grails.web.util.WebUtils.forwardRequestForUrlMappingInfo(WebUtils.java:279)
	at org.codehaus.groovy.grails.web.util.WebUtils.forwardRequestForUrlMappingInfo(WebUtils.java:270)
	at org.codehaus.groovy.grails.web.mapping.filter.UrlMappingsFilter.doFilterInternal(UrlMappingsFilter.java:222)
	at org.springframework.web.filter.OncePerRequestFilter.doFilter(OncePerRequestFilter.java:76)
	at org.apache.catalina.core.ApplicationFilterChain.internalDoFilter(ApplicationFilterChain.java:243)
	at org.apache.catalina.core.ApplicationFilterChain.doFilter(ApplicationFilterChain.java:210)
	at org.codehaus.groovy.grails.web.sitemesh.GrailsPageFilter.obtainContent(GrailsPageFilter.java:206)
	at org.codehaus.groovy.grails.web.sitemesh.GrailsPageFilter.doFilter(GrailsPageFilter.java:152)
	at org.apache.catalina.core.ApplicationFilterChain.internalDoFilter(ApplicationFilterChain.java:243)
	at org.apache.catalina.core.ApplicationFilterChain.doFilter(ApplicationFilterChain.java:210)
	at javax.servlet.FilterChain$doFilter.call(Unknown Source)
	at org.codehaus.groovy.runtime.callsite.CallSiteArray.defaultCall(CallSiteArray.java:45)
	at org.codehaus.groovy.runtime.callsite.AbstractCallSite.call(AbstractCallSite.java:108)
	at org.codehaus.groovy.runtime.callsite.AbstractCallSite.call(AbstractCallSite.java:120)
	at org.grails.plugin.resource.DevModeSanityFilter$$EPYzECps.doFilter(DevModeSanityFilter.groovy:44)
	at org.grails.plugin.resource.DevModeSanityFilter$$DPYzECps.doFilter(Unknown Source)
	at org.grails.plugin.resource.DevModeSanityFilter.doFilter(DevModeSanityFilter.groovy)
	at org.apache.catalina.core.ApplicationFilterChain.internalDoFilter(ApplicationFilterChain.java:243)
	at org.apache.catalina.core.ApplicationFilterChain.doFilter(ApplicationFilterChain.java:210)
	at org.codehaus.groovy.grails.web.servlet.mvc.GrailsWebRequestFilter.doFilterInternal(GrailsWebRequestFilter.java:69)
	at org.springframework.web.filter.OncePerRequestFilter.doFilter(OncePerRequestFilter.java:76)
	at org.apache.catalina.core.ApplicationFilterChain.internalDoFilter(ApplicationFilterChain.java:243)
	at org.apache.catalina.core.ApplicationFilterChain.doFilter(ApplicationFilterChain.java:210)
	at org.codehaus.groovy.grails.web.filters.HiddenHttpMethodFilter.doFilterInternal(HiddenHttpMethodFilter.java:66)
	at org.springframework.web.filter.OncePerRequestFilter.doFilter(OncePerRequestFilter.java:76)
	at org.apache.catalina.core.ApplicationFilterChain.internalDoFilter(ApplicationFilterChain.java:243)
	at org.apache.catalina.core.ApplicationFilterChain.doFilter(ApplicationFilterChain.java:210)
	at org.springframework.web.filter.CharacterEncodingFilter.doFilterInternal(CharacterEncodingFilter.java:88)
	at org.springframework.web.filter.OncePerRequestFilter.doFilter(OncePerRequestFilter.java:76)
	at org.springframework.web.filter.DelegatingFilterProxy.invokeDelegate(DelegatingFilterProxy.java:346)
	at org.springframework.web.filter.DelegatingFilterProxy.doFilter(DelegatingFilterProxy.java:259)
	at org.apache.catalina.core.ApplicationFilterChain.internalDoFilter(ApplicationFilterChain.java:243)
	at org.apache.catalina.core.ApplicationFilterChain.doFilter(ApplicationFilterChain.java:210)
	at org.apache.catalina.core.StandardWrapperValve.invoke(StandardWrapperValve.java:222)
	at org.apache.catalina.core.StandardContextValve.invoke(StandardContextValve.java:123)
	at org.apache.catalina.core.StandardHostValve.invoke(StandardHostValve.java:171)
	at org.apache.catalina.valves.ErrorReportValve.invoke(ErrorReportValve.java:99)
	at org.apache.catalina.core.StandardEngineValve.invoke(StandardEngineValve.java:118)
	at org.apache.catalina.connector.CoyoteAdapter.service(CoyoteAdapter.java:408)
	at org.apache.coyote.http11.AbstractHttp11Processor.process(AbstractHttp11Processor.java:1009)
	at org.apache.coyote.AbstractProtocol$AbstractConnectionHandler.process(AbstractProtocol.java:589)
	at org.apache.tomcat.util.net.JIoEndpoint$SocketProcessor.run(JIoEndpoint.java:310)
	at java.util.concurrent.ThreadPoolExecutor.runWorker(ThreadPoolExecutor.java:1145)
	at java.util.concurrent.ThreadPoolExecutor$Worker.run(ThreadPoolExecutor.java:615)
	at java.lang.Thread.run(Thread.java:745)
2016-01-06 13:45:51,034 [http-bio-8080-exec-11] ERROR StackTrace  - Full Stack Trace:
java.lang.IllegalAccessError: tried to access method org.springframework.web.filter.GenericFilterBean.getServletContext()Ljavax/servlet/ServletContext; from class grails.plugin.cache.web.filter.AbstractFilter$$EPYzEC5b
	at grails.plugin.cache.web.filter.AbstractFilter$$EPYzEC5b.getBean(AbstractFilter.java:194)
	at grails.plugin.cache.web.filter.PageFragmentCachingFilter$$EPYzEC9D.lookupController(PageFragmentCachingFilter.java:842)
	at grails.plugin.cache.web.filter.PageFragmentCachingFilter$$EPYzEC9D.doFilter(PageFragmentCachingFilter.java:176)
	at grails.plugin.cache.web.filter.AbstractFilter$$EPYzEC5b.doFilter(AbstractFilter.java:63)
	at java.util.concurrent.ThreadPoolExecutor.runWorker(ThreadPoolExecutor.java:1145)
	at java.util.concurrent.ThreadPoolExecutor$Worker.run(ThreadPoolExecutor.java:615)
	at java.lang.Thread.run(Thread.java:745)
2016-01-06 13:45:51,034 [http-bio-8080-exec-11] ERROR StackTrace  - Full Stack Trace:
java.lang.IllegalAccessError: tried to access method org.springframework.web.filter.GenericFilterBean.getServletContext()Ljavax/servlet/ServletContext; from class grails.plugin.cache.web.filter.AbstractFilter$$EPYzEC5b
	at grails.plugin.cache.web.filter.AbstractFilter$$EPYzEC5b.getBean(AbstractFilter.java:194)
	at grails.plugin.cache.web.filter.PageFragmentCachingFilter$$EPYzEC9D.lookupController(PageFragmentCachingFilter.java:842)
	at grails.plugin.cache.web.filter.PageFragmentCachingFilter$$EPYzEC9D.doFilter(PageFragmentCachingFilter.java:176)
	at grails.plugin.cache.web.filter.AbstractFilter$$EPYzEC5b.doFilter(AbstractFilter.java:63)
	at java.util.concurrent.ThreadPoolExecutor.runWorker(ThreadPoolExecutor.java:1145)
	at java.util.concurrent.ThreadPoolExecutor$Worker.run(ThreadPoolExecutor.java:615)
	at java.lang.Thread.run(Thread.java:745)
2016-01-06 13:45:51,035 [http-bio-8080-exec-11] ERROR StackTrace  - Full Stack Trace:
java.lang.IllegalAccessError: tried to access method org.springframework.web.filter.GenericFilterBean.getServletContext()Ljavax/servlet/ServletContext; from class grails.plugin.cache.web.filter.AbstractFilter$$EPYzEC5b
	at grails.plugin.cache.web.filter.AbstractFilter$$EPYzEC5b.getBean(AbstractFilter.java:194)
	at grails.plugin.cache.web.filter.PageFragmentCachingFilter$$EPYzEC9D.lookupController(PageFragmentCachingFilter.java:842)
	at grails.plugin.cache.web.filter.PageFragmentCachingFilter$$EPYzEC9D.doFilter(PageFragmentCachingFilter.java:176)
	at grails.plugin.cache.web.filter.AbstractFilter$$EPYzEC5b.doFilter(AbstractFilter.java:63)
	at java.util.concurrent.ThreadPoolExecutor.runWorker(ThreadPoolExecutor.java:1145)
	at java.util.concurrent.ThreadPoolExecutor$Worker.run(ThreadPoolExecutor.java:615)
	at java.lang.Thread.run(Thread.java:745)
2016-01-06 13:45:51,072 [http-bio-8080-exec-11] ERROR StackTrace  - Full Stack Trace:
java.lang.IllegalAccessError: tried to access method org.springframework.web.filter.GenericFilterBean.getServletContext()Ljavax/servlet/ServletContext; from class grails.plugin.cache.web.filter.AbstractFilter$$EPYzEC5b
	at grails.plugin.cache.web.filter.AbstractFilter$$EPYzEC5b.getBean(AbstractFilter.java:194)
	at grails.plugin.cache.web.filter.PageFragmentCachingFilter$$EPYzEC9D.lookupController(PageFragmentCachingFilter.java:842)
	at grails.plugin.cache.web.filter.PageFragmentCachingFilter$$EPYzEC9D.doFilter(PageFragmentCachingFilter.java:176)
	at grails.plugin.cache.web.filter.AbstractFilter$$EPYzEC5b.doFilter(AbstractFilter.java:63)
	at java.util.concurrent.ThreadPoolExecutor.runWorker(ThreadPoolExecutor.java:1145)
	at java.util.concurrent.ThreadPoolExecutor$Worker.run(ThreadPoolExecutor.java:615)
	at java.lang.Thread.run(Thread.java:745)
2016-01-06 13:45:51,072 [http-bio-8080-exec-11] ERROR StackTrace  - Full Stack Trace:
java.lang.IllegalAccessError: tried to access method org.springframework.web.filter.GenericFilterBean.getServletContext()Ljavax/servlet/ServletContext; from class grails.plugin.cache.web.filter.AbstractFilter$$EPYzEC5b
	at grails.plugin.cache.web.filter.AbstractFilter$$EPYzEC5b.getBean(AbstractFilter.java:194)
	at grails.plugin.cache.web.filter.PageFragmentCachingFilter$$EPYzEC9D.lookupController(PageFragmentCachingFilter.java:842)
	at grails.plugin.cache.web.filter.PageFragmentCachingFilter$$EPYzEC9D.doFilter(PageFragmentCachingFilter.java:176)
	at grails.plugin.cache.web.filter.AbstractFilter$$EPYzEC5b.doFilter(AbstractFilter.java:63)
	at java.util.concurrent.ThreadPoolExecutor.runWorker(ThreadPoolExecutor.java:1145)
	at java.util.concurrent.ThreadPoolExecutor$Worker.run(ThreadPoolExecutor.java:615)
	at java.lang.Thread.run(Thread.java:745)
2016-01-06 13:45:51,072 [http-bio-8080-exec-11] ERROR StackTrace  - Full Stack Trace:
java.lang.IllegalAccessError: tried to access method org.springframework.web.filter.GenericFilterBean.getServletContext()Ljavax/servlet/ServletContext; from class grails.plugin.cache.web.filter.AbstractFilter$$EPYzEC5b
	at grails.plugin.cache.web.filter.AbstractFilter$$EPYzEC5b.getBean(AbstractFilter.java:194)
	at grails.plugin.cache.web.filter.PageFragmentCachingFilter$$EPYzEC9D.lookupController(PageFragmentCachingFilter.java:842)
	at grails.plugin.cache.web.filter.PageFragmentCachingFilter$$EPYzEC9D.doFilter(PageFragmentCachingFilter.java:176)
	at grails.plugin.cache.web.filter.AbstractFilter$$EPYzEC5b.doFilter(AbstractFilter.java:63)
	at java.util.concurrent.ThreadPoolExecutor.runWorker(ThreadPoolExecutor.java:1145)
	at java.util.concurrent.ThreadPoolExecutor$Worker.run(ThreadPoolExecutor.java:615)
	at java.lang.Thread.run(Thread.java:745)
2016-01-06 13:45:51,073 [http-bio-8080-exec-11] ERROR StackTrace  - Full Stack Trace:
java.lang.IllegalAccessError: tried to access method org.springframework.web.filter.GenericFilterBean.getServletContext()Ljavax/servlet/ServletContext; from class grails.plugin.cache.web.filter.AbstractFilter$$EPYzEC5b
	at grails.plugin.cache.web.filter.AbstractFilter$$EPYzEC5b.getBean(AbstractFilter.java:194)
	at grails.plugin.cache.web.filter.PageFragmentCachingFilter$$EPYzEC9D.lookupController(PageFragmentCachingFilter.java:842)
	at grails.plugin.cache.web.filter.PageFragmentCachingFilter$$EPYzEC9D.doFilter(PageFragmentCachingFilter.java:176)
	at grails.plugin.cache.web.filter.AbstractFilter$$EPYzEC5b.doFilter(AbstractFilter.java:63)
	at java.util.concurrent.ThreadPoolExecutor.runWorker(ThreadPoolExecutor.java:1145)
	at java.util.concurrent.ThreadPoolExecutor$Worker.run(ThreadPoolExecutor.java:615)
	at java.lang.Thread.run(Thread.java:745)
2016-01-06 13:45:51,107 [http-bio-8080-exec-11] ERROR StackTrace  - Full Stack Trace:
javax.servlet.ServletException: java.lang.IllegalAccessError: tried to access method org.springframework.web.filter.GenericFilterBean.getServletContext()Ljavax/servlet/ServletContext; from class grails.plugin.cache.web.filter.AbstractFilter$$EPYzEC5b
	at grails.plugin.cache.web.filter.AbstractFilter$$EPYzEC5b.logThrowable(AbstractFilter.java:116)
	at grails.plugin.cache.web.filter.AbstractFilter$$DPYzEC5b.logThrowable(Unknown Source)
	at grails.plugin.cache.web.filter.AbstractFilter.logThrowable(AbstractFilter.java)
	at grails.plugin.cache.web.filter.PageFragmentCachingFilter.logThrowable(PageFragmentCachingFilter.java)
	at grails.plugin.cache.web.filter.simple.MemoryPageFragmentCachingFilter.logThrowable(MemoryPageFragmentCachingFilter.java)
	at grails.plugin.cache.web.filter.AbstractFilter$$EPYzEC5b.doFilter(AbstractFilter.java:70)
	at grails.plugin.cache.web.filter.AbstractFilter$$DPYzEC5b.doFilter(Unknown Source)
	at grails.plugin.cache.web.filter.AbstractFilter.doFilter(AbstractFilter.java)
	at org.springframework.web.filter.DelegatingFilterProxy.invokeDelegate(DelegatingFilterProxy.java:346)
	at org.springframework.web.filter.DelegatingFilterProxy.doFilter(DelegatingFilterProxy.java:259)
	at org.apache.catalina.core.ApplicationFilterChain.internalDoFilter(ApplicationFilterChain.java:243)
	at org.apache.catalina.core.ApplicationFilterChain.doFilter(ApplicationFilterChain.java:210)
	at org.springframework.web.filter.OncePerRequestFilter.doFilter(OncePerRequestFilter.java:70)
	at org.apache.catalina.core.ApplicationFilterChain.internalDoFilter(ApplicationFilterChain.java:243)
	at org.apache.catalina.core.ApplicationFilterChain.doFilter(ApplicationFilterChain.java:210)
	at org.springframework.web.filter.OncePerRequestFilter.doFilter(OncePerRequestFilter.java:70)
	at org.apache.catalina.core.ApplicationFilterChain.internalDoFilter(ApplicationFilterChain.java:243)
	at org.apache.catalina.core.ApplicationFilterChain.doFilter(ApplicationFilterChain.java:210)
	at org.springframework.web.filter.OncePerRequestFilter.doFilter(OncePerRequestFilter.java:70)
	at org.apache.catalina.core.ApplicationFilterChain.internalDoFilter(ApplicationFilterChain.java:243)
	at org.apache.catalina.core.ApplicationFilterChain.doFilter(ApplicationFilterChain.java:210)
	at org.apache.catalina.core.ApplicationDispatcher.invoke(ApplicationDispatcher.java:749)
	at org.apache.catalina.core.ApplicationDispatcher.processRequest(ApplicationDispatcher.java:487)
	at org.apache.catalina.core.ApplicationDispatcher.doForward(ApplicationDispatcher.java:412)
	at org.apache.catalina.core.ApplicationDispatcher.forward(ApplicationDispatcher.java:339)
	at org.codehaus.groovy.grails.web.util.WebUtils.forwardRequestForUrlMappingInfo(WebUtils.java:314)
	at org.codehaus.groovy.grails.web.util.WebUtils.forwardRequestForUrlMappingInfo(WebUtils.java:279)
	at org.codehaus.groovy.grails.web.util.WebUtils.forwardRequestForUrlMappingInfo(WebUtils.java:270)
	at org.codehaus.groovy.grails.web.mapping.filter.UrlMappingsFilter.doFilterInternal(UrlMappingsFilter.java:222)
	at org.springframework.web.filter.OncePerRequestFilter.doFilter(OncePerRequestFilter.java:76)
	at org.apache.catalina.core.ApplicationFilterChain.internalDoFilter(ApplicationFilterChain.java:243)
	at org.apache.catalina.core.ApplicationFilterChain.doFilter(ApplicationFilterChain.java:210)
	at org.codehaus.groovy.grails.web.sitemesh.GrailsPageFilter.obtainContent(GrailsPageFilter.java:206)
	at org.codehaus.groovy.grails.web.sitemesh.GrailsPageFilter.doFilter(GrailsPageFilter.java:152)
	at org.apache.catalina.core.ApplicationFilterChain.internalDoFilter(ApplicationFilterChain.java:243)
	at org.apache.catalina.core.ApplicationFilterChain.doFilter(ApplicationFilterChain.java:210)
	at javax.servlet.FilterChain$doFilter.call(Unknown Source)
	at org.codehaus.groovy.runtime.callsite.CallSiteArray.defaultCall(CallSiteArray.java:45)
	at org.codehaus.groovy.runtime.callsite.AbstractCallSite.call(AbstractCallSite.java:108)
	at org.codehaus.groovy.runtime.callsite.AbstractCallSite.call(AbstractCallSite.java:120)
	at org.grails.plugin.resource.DevModeSanityFilter$$EPYzECps.doFilter(DevModeSanityFilter.groovy:44)
	at org.grails.plugin.resource.DevModeSanityFilter$$DPYzECps.doFilter(Unknown Source)
	at org.grails.plugin.resource.DevModeSanityFilter.doFilter(DevModeSanityFilter.groovy)
	at org.apache.catalina.core.ApplicationFilterChain.internalDoFilter(ApplicationFilterChain.java:243)
	at org.apache.catalina.core.ApplicationFilterChain.doFilter(ApplicationFilterChain.java:210)
	at org.codehaus.groovy.grails.web.servlet.mvc.GrailsWebRequestFilter.doFilterInternal(GrailsWebRequestFilter.java:69)
	at org.springframework.web.filter.OncePerRequestFilter.doFilter(OncePerRequestFilter.java:76)
	at org.apache.catalina.core.ApplicationFilterChain.internalDoFilter(ApplicationFilterChain.java:243)
	at org.apache.catalina.core.ApplicationFilterChain.doFilter(ApplicationFilterChain.java:210)
	at org.codehaus.groovy.grails.web.filters.HiddenHttpMethodFilter.doFilterInternal(HiddenHttpMethodFilter.java:66)
	at org.springframework.web.filter.OncePerRequestFilter.doFilter(OncePerRequestFilter.java:76)
	at org.apache.catalina.core.ApplicationFilterChain.internalDoFilter(ApplicationFilterChain.java:243)
	at org.apache.catalina.core.ApplicationFilterChain.doFilter(ApplicationFilterChain.java:210)
	at org.springframework.web.filter.CharacterEncodingFilter.doFilterInternal(CharacterEncodingFilter.java:88)
	at org.springframework.web.filter.OncePerRequestFilter.doFilter(OncePerRequestFilter.java:76)
	at org.springframework.web.filter.DelegatingFilterProxy.invokeDelegate(DelegatingFilterProxy.java:346)
	at org.springframework.web.filter.DelegatingFilterProxy.doFilter(DelegatingFilterProxy.java:259)
	at org.apache.catalina.core.ApplicationFilterChain.internalDoFilter(ApplicationFilterChain.java:243)
	at org.apache.catalina.core.ApplicationFilterChain.doFilter(ApplicationFilterChain.java:210)
	at org.apache.catalina.core.StandardWrapperValve.invoke(StandardWrapperValve.java:222)
	at org.apache.catalina.core.StandardContextValve.invoke(StandardContextValve.java:123)
	at org.apache.catalina.core.StandardHostValve.invoke(StandardHostValve.java:171)
	at org.apache.catalina.valves.ErrorReportValve.invoke(ErrorReportValve.java:99)
	at org.apache.catalina.core.StandardEngineValve.invoke(StandardEngineValve.java:118)
	at org.apache.catalina.connector.CoyoteAdapter.service(CoyoteAdapter.java:408)
	at org.apache.coyote.http11.AbstractHttp11Processor.process(AbstractHttp11Processor.java:1009)
	at org.apache.coyote.AbstractProtocol$AbstractConnectionHandler.process(AbstractProtocol.java:589)
	at org.apache.tomcat.util.net.JIoEndpoint$SocketProcessor.run(JIoEndpoint.java:310)
	at java.util.concurrent.ThreadPoolExecutor.runWorker(ThreadPoolExecutor.java:1145)
	at java.util.concurrent.ThreadPoolExecutor$Worker.run(ThreadPoolExecutor.java:615)
	at java.lang.Thread.run(Thread.java:745)
Caused by: java.lang.IllegalAccessError: tried to access method org.springframework.web.filter.GenericFilterBean.getServletContext()Ljavax/servlet/ServletContext; from class grails.plugin.cache.web.filter.AbstractFilter$$EPYzEC5b
	at grails.plugin.cache.web.filter.AbstractFilter$$EPYzEC5b.getBean(AbstractFilter.java:194)
	at grails.plugin.cache.web.filter.PageFragmentCachingFilter$$EPYzEC9D.lookupController(PageFragmentCachingFilter.java:842)
	at grails.plugin.cache.web.filter.PageFragmentCachingFilter$$EPYzEC9D.doFilter(PageFragmentCachingFilter.java:176)
	at grails.plugin.cache.web.filter.AbstractFilter$$EPYzEC5b.doFilter(AbstractFilter.java:63)
	... 3 more
2016-01-06 13:45:51,108 [http-bio-8080-exec-11] ERROR StackTrace  - Full Stack Trace:
java.lang.IllegalAccessError: tried to access method org.springframework.web.filter.GenericFilterBean.getServletContext()Ljavax/servlet/ServletContext; from class grails.plugin.cache.web.filter.AbstractFilter$$EPYzEC5b
	at grails.plugin.cache.web.filter.AbstractFilter$$EPYzEC5b.getBean(AbstractFilter.java:194)
	at grails.plugin.cache.web.filter.PageFragmentCachingFilter$$EPYzEC9D.lookupController(PageFragmentCachingFilter.java:842)
	at grails.plugin.cache.web.filter.PageFragmentCachingFilter$$EPYzEC9D.doFilter(PageFragmentCachingFilter.java:176)
	at grails.plugin.cache.web.filter.AbstractFilter$$EPYzEC5b.doFilter(AbstractFilter.java:63)
	at java.util.concurrent.ThreadPoolExecutor.runWorker(ThreadPoolExecutor.java:1145)
	at java.util.concurrent.ThreadPoolExecutor$Worker.run(ThreadPoolExecutor.java:615)
	at java.lang.Thread.run(Thread.java:745)
2016-01-06 13:45:51,108 [http-bio-8080-exec-11] ERROR StackTrace  - Full Stack Trace:
javax.servlet.ServletException: java.lang.IllegalAccessError: tried to access method org.springframework.web.filter.GenericFilterBean.getServletContext()Ljavax/servlet/ServletContext; from class grails.plugin.cache.web.filter.AbstractFilter$$EPYzEC5b
	at grails.plugin.cache.web.filter.AbstractFilter$$EPYzEC5b.logThrowable(AbstractFilter.java:116)
	at grails.plugin.cache.web.filter.AbstractFilter$$EPYzEC5b.doFilter(AbstractFilter.java:70)
	at java.util.concurrent.ThreadPoolExecutor.runWorker(ThreadPoolExecutor.java:1145)
	at java.util.concurrent.ThreadPoolExecutor$Worker.run(ThreadPoolExecutor.java:615)
	at java.lang.Thread.run(Thread.java:745)
Caused by: java.lang.IllegalAccessError: tried to access method org.springframework.web.filter.GenericFilterBean.getServletContext()Ljavax/servlet/ServletContext; from class grails.plugin.cache.web.filter.AbstractFilter$$EPYzEC5b
	at grails.plugin.cache.web.filter.AbstractFilter$$EPYzEC5b.getBean(AbstractFilter.java:194)
	at grails.plugin.cache.web.filter.PageFragmentCachingFilter$$EPYzEC9D.lookupController(PageFragmentCachingFilter.java:842)
	at grails.plugin.cache.web.filter.PageFragmentCachingFilter$$EPYzEC9D.doFilter(PageFragmentCachingFilter.java:176)
	at grails.plugin.cache.web.filter.AbstractFilter$$EPYzEC5b.doFilter(AbstractFilter.java:63)
	... 3 more
